<?xml version="1.0" encoding="UTF-8"?>
<!-- Generated by org.testng.reporters.JUnitReportReporter -->
<testsuite hostname="LAPTOP-DV541TO5" failures="0" tests="1" name="com.TESTNG.Screenshot" time="7.090" errors="0" timestamp="2022-05-05T12:40:46 IST" skipped="0">
  <testcase classname="com.TESTNG.Screenshot" name="screenshot" time="7.090"/>
  <system-out/>
</testsuite> <!-- com.TESTNG.Screenshot -->
