<?xml version="1.0" encoding="UTF-8"?>
<!-- Generated by org.testng.reporters.JUnitReportReporter -->
<testsuite hostname="LAPTOP-DV541TO5" failures="0" tests="1" name="com.TESTNG.Test2" time="0.016" errors="0" timestamp="2022-06-05T17:33:10 IST" skipped="0">
  <testcase classname="com.TESTNG.Test2" name="testIOSapp" time="0.016"/>
  <system-out/>
</testsuite> <!-- com.TESTNG.Test2 -->
