<?xml version="1.0" encoding="UTF-8"?>
<!-- Generated by org.testng.reporters.JUnitReportReporter -->
<testsuite hostname="LAPTOP-DV541TO5" failures="0" tests="1" name="com.Vtiger.TestCases.TestLogin" time="0.017" errors="0" timestamp="2022-04-29T23:46:09 IST" skipped="0">
  <testcase classname="com.Vtiger.TestCases.TestLogin" name="testlogin" time="0.017"/>
  <system-out/>
</testsuite> <!-- com.Vtiger.TestCases.TestLogin -->
